2017-08-28 18:03:53 INFO  VerifyLoginwithInvalidCredentials:23 - ===Starting LoginwithInvalidCredentials Test===
2017-08-28 18:03:55 INFO  Homepage:43 - Clicked on Sign In and object is:[[ChromeDriver: chrome on XP (dd2c4a898579cbe3a376d4fdc4b70da7)] -> xpath: //div[@class='header_user_info']/a[@class='login']]
2017-08-28 18:03:55 INFO  Homepage:47 - Entered email address is:test@gmail.comand object is [[ChromeDriver: chrome on XP (dd2c4a898579cbe3a376d4fdc4b70da7)] -> xpath: //input[@id='email']]
2017-08-28 18:03:55 INFO  Homepage:50 - Entered password is:password123and object is [[ChromeDriver: chrome on XP (dd2c4a898579cbe3a376d4fdc4b70da7)] -> xpath: //input[@id='passwd']]
2017-08-28 18:03:55 INFO  Homepage:53 - Clicked on submit button and the object is:[[ChromeDriver: chrome on XP (dd2c4a898579cbe3a376d4fdc4b70da7)] -> xpath: //button[@id='SubmitLogin']/span/i]
2017-08-28 18:03:57 INFO  Homepage:59 - Error message isAuthentication failed.
2017-08-28 18:03:57 INFO  VerifyLoginwithInvalidCredentials:27 - ===Finished LoginwithInvalidCredentials Test===
2017-08-28 20:19:02 INFO  Homepage:41 - Clicked on Sign In and object is:[[ChromeDriver: chrome on XP (7492738f6f77037dde6f2de853994b99)] -> xpath: //div[@class='header_user_info']/a[@class='login']]
2017-08-28 20:19:30 INFO  Homepage:41 - Clicked on Sign In and object is:[[ChromeDriver: chrome on XP (9cee4dbbb32592c63a4dc9f38b86fe21)] -> xpath: //div[@class='header_user_info']/a[@class='login']]
2017-08-28 20:33:59 INFO  Homepage:41 - Clicked on Sign In and object is:[[ChromeDriver: chrome on XP (988db70555e457ad8291afaa62b68af6)] -> xpath: //div[@class='header_user_info']/a[@class='login']]
2017-08-28 20:43:43 INFO  Homepage:41 - Clicked on Sign In and object is:[[ChromeDriver: chrome on XP (2f87a782662983bb13e4908c5a4a63bd)] -> xpath: //div[@class='header_user_info']/a[@class='login']]
2017-08-28 20:45:59 INFO  Homepage:41 - Clicked on Sign In and object is:[[ChromeDriver: chrome on XP (0663db2463a5dc8cec4582e2095262f4)] -> xpath: //div[@class='header_user_info']/a[@class='login']]
2017-08-30 16:31:09 INFO  VerifyLoginwithInvalidCredentials:23 - ===Starting LoginwithInvalidCredentials Test===
2017-08-30 16:31:12 INFO  Homepage:76 - Clicked on Sign In and object is:[[ChromeDriver: chrome on WIN8 (75565788faade7ed73f05c3fe8c7273e)] -> xpath: //div[@class='header_user_info']/a[@class='login']]
2017-08-30 16:31:12 INFO  Homepage:84 - Entered email address is:test@gmail.comand object is [[ChromeDriver: chrome on WIN8 (75565788faade7ed73f05c3fe8c7273e)] -> xpath: //input[@id='email']]
2017-08-30 16:31:12 INFO  Homepage:87 - Entered password is:password123and object is [[ChromeDriver: chrome on WIN8 (75565788faade7ed73f05c3fe8c7273e)] -> xpath: //input[@id='passwd']]
2017-08-30 16:31:12 INFO  Homepage:90 - Clicked on submit button and the object is:[[ChromeDriver: chrome on WIN8 (75565788faade7ed73f05c3fe8c7273e)] -> xpath: //button[@id='SubmitLogin']/span/i]
2017-08-30 16:31:13 INFO  Homepage:96 - Error message isAuthentication failed.
2017-08-30 16:31:13 INFO  VerifyLoginwithInvalidCredentials:28 - ===Finished LoginwithInvalidCredentials Test===
2017-08-30 18:20:20 INFO  VerifyLoginwithInvalidCredentials:23 - ===Starting LoginwithInvalidCredentials Test===
2017-08-30 18:20:22 INFO  Homepage:76 - Clicked on Sign In and object is:[[ChromeDriver: chrome on WIN8 (55f1253b9816cb5ee97788c194928b84)] -> xpath: //div[@class='header_user_info']/a[@class='login']]
2017-08-30 18:20:22 INFO  Homepage:84 - Entered email address is:test@gmail.comand object is [[ChromeDriver: chrome on WIN8 (55f1253b9816cb5ee97788c194928b84)] -> xpath: //input[@id='email']]
2017-08-30 18:20:22 INFO  Homepage:87 - Entered password is:password123and object is [[ChromeDriver: chrome on WIN8 (55f1253b9816cb5ee97788c194928b84)] -> xpath: //input[@id='passwd']]
2017-08-30 18:20:23 INFO  Homepage:90 - Clicked on submit button and the object is:[[ChromeDriver: chrome on WIN8 (55f1253b9816cb5ee97788c194928b84)] -> xpath: //button[@id='SubmitLogin']/span/i]
2017-08-30 18:20:24 INFO  Homepage:96 - Error message isAuthentication failed.
2017-08-30 18:20:24 INFO  VerifyLoginwithInvalidCredentials:28 - ===Finished LoginwithInvalidCredentials Test===
2017-09-01 21:21:17 INFO  Homepage:81 - Clicked on Sign In and object is:[[ChromeDriver: chrome on XP (3f259760b87089a247ad009a7218b21f)] -> xpath: //div[@class='header_user_info']/a[@class='login']]
2017-09-01 21:21:17 INFO  Homepage:89 - Entered email address is:tst12345@gmail.comand object is [[ChromeDriver: chrome on XP (3f259760b87089a247ad009a7218b21f)] -> xpath: //input[@id='email']]
2017-09-01 21:21:18 INFO  Homepage:92 - Entered password is:password1and object is [[ChromeDriver: chrome on XP (3f259760b87089a247ad009a7218b21f)] -> xpath: //input[@id='passwd']]
2017-09-01 21:21:18 INFO  Homepage:95 - Clicked on submit button and the object is:[[ChromeDriver: chrome on XP (3f259760b87089a247ad009a7218b21f)] -> xpath: //button[@id='SubmitLogin']/span/i]
2017-09-01 21:21:40 INFO  Homepage:81 - Clicked on Sign In and object is:[[ChromeDriver: chrome on XP (3f259760b87089a247ad009a7218b21f)] -> xpath: //div[@class='header_user_info']/a[@class='login']]
2017-09-01 21:21:40 INFO  Homepage:89 - Entered email address is:tstt12345@gmail.comand object is [[ChromeDriver: chrome on XP (3f259760b87089a247ad009a7218b21f)] -> xpath: //input[@id='email']]
2017-09-01 21:21:40 INFO  Homepage:92 - Entered password is:password1and object is [[ChromeDriver: chrome on XP (3f259760b87089a247ad009a7218b21f)] -> xpath: //input[@id='passwd']]
2017-09-01 21:21:40 INFO  Homepage:95 - Clicked on submit button and the object is:[[ChromeDriver: chrome on XP (3f259760b87089a247ad009a7218b21f)] -> xpath: //button[@id='SubmitLogin']/span/i]
2017-09-02 15:46:45 INFO  Homepage:81 - Clicked on Sign In and object is:[[ChromeDriver: chrome on XP (6eabd2159ffb8a68f6036cfcf97c3023)] -> xpath: //div[@class='header_user_info']/a[@class='login']]
2017-09-02 15:46:45 INFO  Homepage:89 - Entered email address is:tst12345@gmail.comand object is [[ChromeDriver: chrome on XP (6eabd2159ffb8a68f6036cfcf97c3023)] -> xpath: //input[@id='email']]
2017-09-02 15:46:45 INFO  Homepage:92 - Entered password is:password1and object is [[ChromeDriver: chrome on XP (6eabd2159ffb8a68f6036cfcf97c3023)] -> xpath: //input[@id='passwd']]
2017-09-02 15:46:45 INFO  Homepage:95 - Clicked on submit button and the object is:[[ChromeDriver: chrome on XP (6eabd2159ffb8a68f6036cfcf97c3023)] -> xpath: //button[@id='SubmitLogin']/span/i]
2017-09-02 15:58:59 INFO  Homepage:81 - Clicked on Sign In and object is:[[ChromeDriver: chrome on XP (986e3d12f9324d1019e3a6196d77bcd7)] -> xpath: //div[@class='header_user_info']/a[@class='login']]
2017-09-02 15:58:59 INFO  Homepage:89 - Entered email address is:tst12345@gmail.comand object is [[ChromeDriver: chrome on XP (986e3d12f9324d1019e3a6196d77bcd7)] -> xpath: //input[@id='email']]
2017-09-02 15:58:59 INFO  Homepage:92 - Entered password is:password1and object is [[ChromeDriver: chrome on XP (986e3d12f9324d1019e3a6196d77bcd7)] -> xpath: //input[@id='passwd']]
2017-09-02 15:59:00 INFO  Homepage:95 - Clicked on submit button and the object is:[[ChromeDriver: chrome on XP (986e3d12f9324d1019e3a6196d77bcd7)] -> xpath: //button[@id='SubmitLogin']/span/i]
2017-09-02 15:59:44 INFO  Homepage:81 - Clicked on Sign In and object is:[[ChromeDriver: chrome on XP (cefef85516cb9b32fa41f4b8de63e316)] -> xpath: //div[@class='header_user_info']/a[@class='login']]
2017-09-02 15:59:44 INFO  Homepage:89 - Entered email address is:tst12345@gmail.comand object is [[ChromeDriver: chrome on XP (cefef85516cb9b32fa41f4b8de63e316)] -> xpath: //input[@id='email']]
2017-09-02 15:59:44 INFO  Homepage:92 - Entered password is:password1and object is [[ChromeDriver: chrome on XP (cefef85516cb9b32fa41f4b8de63e316)] -> xpath: //input[@id='passwd']]
2017-09-02 15:59:44 INFO  Homepage:95 - Clicked on submit button and the object is:[[ChromeDriver: chrome on XP (cefef85516cb9b32fa41f4b8de63e316)] -> xpath: //button[@id='SubmitLogin']/span/i]
2017-09-02 15:59:50 INFO  Homepage:81 - Clicked on Sign In and object is:[[ChromeDriver: chrome on XP (cefef85516cb9b32fa41f4b8de63e316)] -> xpath: //div[@class='header_user_info']/a[@class='login']]
2017-09-02 15:59:50 INFO  Homepage:89 - Entered email address is:tstt12345@gmail.comand object is [[ChromeDriver: chrome on XP (cefef85516cb9b32fa41f4b8de63e316)] -> xpath: //input[@id='email']]
2017-09-02 15:59:50 INFO  Homepage:92 - Entered password is:password1and object is [[ChromeDriver: chrome on XP (cefef85516cb9b32fa41f4b8de63e316)] -> xpath: //input[@id='passwd']]
2017-09-02 15:59:50 INFO  Homepage:95 - Clicked on submit button and the object is:[[ChromeDriver: chrome on XP (cefef85516cb9b32fa41f4b8de63e316)] -> xpath: //button[@id='SubmitLogin']/span/i]
